#
# There is insufficient memory for the Java Runtime Environment to continue.
# Native memory allocation (mmap) failed to map 85983232 bytes for committing reserved memory.
# Possible reasons:
#   The system is out of physical RAM or swap space
#   The process is running with CompressedOops enabled, and the Java Heap may be blocking the growth of the native heap
# Possible solutions:
#   Reduce memory load on the system
#   Increase physical memory or swap space
#   Check if swap backing store is full
#   Decrease Java heap size (-Xmx/-Xms)
#   Decrease number of Java threads
#   Decrease Java thread stack sizes (-Xss)
#   Set larger code cache with -XX:ReservedCodeCacheSize=
#   JVM is running with Unscaled Compressed Oops mode in which the Java heap is
#     placed in the first 4GB address space. The Java Heap base address is the
#     maximum limit for the native heap growth. Please use -XX:HeapBaseMinAddress
#     to set the Java Heap base and to place the Java Heap above 4GB virtual address.
# This output file may be truncated or incomplete.
#
#  Out of Memory Error (os_linux.cpp:2756), pid=7490, tid=0x00007f8a101a3700
#
# JRE version: OpenJDK Runtime Environment (8.0_212-b03) (build 1.8.0_212-8u212-b03-0ubuntu1.16.04.1-b03)
# Java VM: OpenJDK 64-Bit Server VM (25.212-b03 mixed mode linux-amd64 compressed oops)
# Failed to write core dump. Core dumps have been disabled. To enable core dumping, try "ulimit -c unlimited" before starting Java again
#

---------------  T H R E A D  ---------------

Current thread (0x00007f8a0c07b800):  VMThread [stack: 0x00007f8a100a3000,0x00007f8a101a4000] [id=7501]

Stack: [0x00007f8a100a3000,0x00007f8a101a4000],  sp=0x00007f8a101a24e0,  free space=1021k
Native frames: (J=compiled Java code, j=interpreted, Vv=VM code, C=native code)
V  [libjvm.so+0xa75a3b]
V  [libjvm.so+0x4c9e6c]
V  [libjvm.so+0x8c2798]
V  [libjvm.so+0x8b9dde]
V  [libjvm.so+0x937e46]
V  [libjvm.so+0x939173]
V  [libjvm.so+0x93583b]
V  [libjvm.so+0x935aec]
V  [libjvm.so+0x8e73e3]
V  [libjvm.so+0xa776f2]
V  [libjvm.so+0xa7c707]
V  [libjvm.so+0xa79fa7]
V  [libjvm.so+0xa7b28f]
V  [libjvm.so+0xa7b781]
V  [libjvm.so+0x8bfaf2]

VM_Operation (0x00007f89d32b16c0): ParallelGCFailedAllocation, mode: safepoint, requested by thread 0x00007f89c0002000


---------------  P R O C E S S  ---------------

Java Threads: ( => current thread )
  0x00000000020f1000 JavaThread "CleanCursors-1-thread-1" daemon [_thread_blocked, id=7624, stack(0x00007f89d1385000,0x00007f89d1486000)]
  0x00000000020ee000 JavaThread "cluster-ClusterId{value='5d273a17d47beb1d42575c46', description='null'}-localhost:27017" daemon [_thread_blocked, id=7623, stack(0x00007f89d1486000,0x00007f89d1587000)]
  0x000000000204d000 JavaThread "container-0" [_thread_blocked, id=7614, stack(0x00007f89d19b3000,0x00007f89d1ab4000)]
  0x000000000204c000 JavaThread "ContainerBackgroundProcessor[StandardEngine[Tomcat]]" daemon [_thread_blocked, id=7613, stack(0x00007f89d1ab4000,0x00007f89d1bb5000)]
  0x00007f89cc001000 JavaThread "localhost-startStop-1" daemon [_thread_blocked, id=7604, stack(0x00007f89d2db5000,0x00007f89d2eb6000)]
  0x0000000002049000 JavaThread "Tomcat-startStop-1" daemon [_thread_blocked, id=7603, stack(0x00007f89d30b6000,0x00007f89d31b7000)]
  0x00007f89c0002000 JavaThread "restartedMain" [_thread_blocked, id=7541, stack(0x00007f89d31b7000,0x00007f89d32b8000)]
  0x00007f8a0cf37800 JavaThread "Thread-1" [_thread_blocked, id=7540, stack(0x00007f89d32b8000,0x00007f89d33b9000)]
  0x00007f8a0c7e0800 JavaThread "RMI TCP Accept-0" daemon [_thread_in_native, id=7537, stack(0x00007f89d38d4000,0x00007f89d39d5000)]
  0x00007f8a0c7d2000 JavaThread "RMI TCP Accept-38617" daemon [_thread_in_native, id=7536, stack(0x00007f89d39d5000,0x00007f89d3ad6000)]
  0x00007f8a0c7bd800 JavaThread "RMI TCP Accept-0" daemon [_thread_in_native, id=7535, stack(0x00007f89d3ad6000,0x00007f89d3bd7000)]
  0x00007f8a0c0cb800 JavaThread "Service Thread" daemon [_thread_blocked, id=7534, stack(0x00007f89f8a12000,0x00007f89f8b13000)]
  0x00007f8a0c0be800 JavaThread "C1 CompilerThread1" daemon [_thread_blocked, id=7533, stack(0x00007f89f8b13000,0x00007f89f8c14000)]
  0x00007f8a0c0bb800 JavaThread "C2 CompilerThread0" daemon [_thread_blocked, id=7532, stack(0x00007f89f8c14000,0x00007f89f8d15000)]
  0x00007f8a0c0ba000 JavaThread "Signal Dispatcher" daemon [_thread_blocked, id=7531, stack(0x00007f89f8d15000,0x00007f89f8e16000)]
  0x00007f8a0c088000 JavaThread "Finalizer" daemon [_thread_blocked, id=7526, stack(0x00007f89f8fae000,0x00007f89f90af000)]
  0x00007f8a0c085800 JavaThread "Reference Handler" daemon [_thread_blocked, id=7507, stack(0x00007f89f90af000,0x00007f89f91b0000)]
  0x00007f8a0c012800 JavaThread "main" [_thread_blocked, id=7494, stack(0x00007f8a15b44000,0x00007f8a15c45000)]

Other Threads:
=>0x00007f8a0c07b800 VMThread [stack: 0x00007f8a100a3000,0x00007f8a101a4000] [id=7501]
  0x00007f8a0c7e5000 WatcherThread [stack: 0x00007f89d37d3000,0x00007f89d38d4000] [id=7538]

VM state:at safepoint (normal execution)

VM Mutex/Monitor currently owned by a thread:  ([mutex/lock_event])
[0x00007f8a0c00e950] Threads_lock - owner thread: 0x00007f8a0c07b800
[0x00007f8a0c00ee50] Heap_lock - owner thread: 0x00007f89c0002000

heap address: 0x0000000083600000, size: 1994 MB, Compressed Oops mode: 32-bit
Narrow klass base: 0x0000000000000000, Narrow klass shift: 3
Compressed class space size: 1073741824 Address: 0x0000000100000000

Heap:
 PSYoungGen      total 224768K, used 15201K [0x00000000d6780000, 0x00000000e5300000, 0x0000000100000000)
  eden space 208384K, 0% used [0x00000000d6780000,0x00000000d6780000,0x00000000e3300000)
  from space 16384K, 92% used [0x00000000e3300000,0x00000000e41d8558,0x00000000e4300000)
  to   space 12288K, 0% used [0x00000000e4700000,0x00000000e4700000,0x00000000e5300000)
 ParOldGen       total 92672K, used 21781K [0x0000000083600000, 0x0000000089080000, 0x00000000d6780000)
  object space 92672K, 23% used [0x0000000083600000,0x0000000084b45600,0x0000000089080000)
 Metaspace       used 42374K, capacity 44516K, committed 44584K, reserved 1087488K
  class space    used 5674K, capacity 6122K, committed 6184K, reserved 1048576K

Card table byte_map: [0x00007f8a11e02000,0x00007f8a121e8000] byte_map_base: 0x00007f8a119e7000

Marking Bits: (ParMarkBitMap*) 0x00007f8a14e0c580
 Begin Bits: [0x00007f89f91b0000, 0x00007f89fb0d8000)
 End Bits:   [0x00007f89fb0d8000, 0x00007f89fd000000)

Polling page: 0x00007f8a15c5f000

CodeCache: size=245760Kb used=9853Kb max_used=9853Kb free=235906Kb
 bounds [0x00007f89fd000000, 0x00007f89fd9a0000, 0x00007f8a0c000000]
 total_blobs=5338 nmethods=4893 adapters=359
 compilation: enabled

Compilation events (10 events):
Event: 27.648 Thread 0x00007f8a0c0be800 4948       1       org.springframework.context.event.GenericApplicationListenerAdapter::resolveDeclaredEventType (29 bytes)
Event: 27.648 Thread 0x00007f8a0c0be800 nmethod 4948 0x00007f89fd99e390 code [0x00007f89fd99e520, 0x00007f89fd99e7d8]
Event: 27.648 Thread 0x00007f8a0c0be800 4949       1       org.springframework.core.OrderComparator::findOrder (24 bytes)
Event: 27.649 Thread 0x00007f8a0c0be800 nmethod 4949 0x00007f89fd99e990 code [0x00007f89fd99eb20, 0x00007f89fd99edc8]
Event: 27.649 Thread 0x00007f8a0c0be800 4950       1       org.springframework.context.event.AbstractApplicationEventMulticaster::supportsEvent (52 bytes)
Event: 27.649 Thread 0x00007f8a0c0be800 nmethod 4950 0x00007f89fd99ef10 code [0x00007f89fd99f0c0, 0x00007f89fd99f498]
Event: 27.658 Thread 0x00007f8a0c0be800 4951       1       org.springframework.context.support.AbstractApplicationContext::findAnnotationOnBean (16 bytes)
Event: 27.659 Thread 0x00007f8a0c0be800 nmethod 4951 0x00007f89fd99f690 code [0x00007f89fd99f820, 0x00007f89fd99f9c8]
Event: 27.711 Thread 0x00007f8a0c0be800 4952       1       org.springframework.util.MimeType::getType (5 bytes)
Event: 27.711 Thread 0x00007f8a0c0be800 nmethod 4952 0x00007f89fd99fa90 code [0x00007f89fd99fbe0, 0x00007f89fd99fcf0]

GC Heap History (10 events):
Event: 17.096 GC heap after
Heap after GC invocations=10 (full 1):
 PSYoungGen      total 134656K, used 12793K [0x00000000d6780000, 0x00000000e1980000, 0x0000000100000000)
  eden space 121856K, 0% used [0x00000000d6780000,0x00000000d6780000,0x00000000dde80000)
  from space 12800K, 99% used [0x00000000dde80000,0x00000000deafe7e0,0x00000000deb00000)
  to   space 16384K, 0% used [0x00000000e0980000,0x00000000e0980000,0x00000000e1980000)
 ParOldGen       total 69120K, used 16705K [0x0000000083600000, 0x0000000087980000, 0x00000000d6780000)
  object space 69120K, 24% used [0x0000000083600000,0x00000000846507c8,0x0000000087980000)
 Metaspace       used 33686K, capacity 35172K, committed 35496K, reserved 1079296K
  class space    used 4440K, capacity 4746K, committed 4776K, reserved 1048576K
}
Event: 17.192 GC heap before
{Heap before GC invocations=11 (full 1):
 PSYoungGen      total 134656K, used 16926K [0x00000000d6780000, 0x00000000e1980000, 0x0000000100000000)
  eden space 121856K, 3% used [0x00000000d6780000,0x00000000d6b89080,0x00000000dde80000)
  from space 12800K, 99% used [0x00000000dde80000,0x00000000deafe7e0,0x00000000deb00000)
  to   space 16384K, 0% used [0x00000000e0980000,0x00000000e0980000,0x00000000e1980000)
 ParOldGen       total 69120K, used 16705K [0x0000000083600000, 0x0000000087980000, 0x00000000d6780000)
  object space 69120K, 24% used [0x0000000083600000,0x00000000846507c8,0x0000000087980000)
 Metaspace       used 33860K, capacity 35388K, committed 35496K, reserved 1079296K
  class space    used 4456K, capacity 4750K, committed 4776K, reserved 1048576K
Event: 17.240 GC heap after
Heap after GC invocations=11 (full 1):
 PSYoungGen      total 164864K, used 13048K [0x00000000d6780000, 0x00000000e3280000, 0x0000000100000000)
  eden space 148480K, 0% used [0x00000000d6780000,0x00000000d6780000,0x00000000df880000)
  from space 16384K, 79% used [0x00000000e0980000,0x00000000e163e258,0x00000000e1980000)
  to   space 17408K, 0% used [0x00000000df880000,0x00000000df880000,0x00000000e0980000)
 ParOldGen       total 69120K, used 16705K [0x0000000083600000, 0x0000000087980000, 0x00000000d6780000)
  object space 69120K, 24% used [0x0000000083600000,0x00000000846507c8,0x0000000087980000)
 Metaspace       used 33860K, capacity 35388K, committed 35496K, reserved 1079296K
  class space    used 4456K, capacity 4750K, committed 4776K, reserved 1048576K
}
Event: 17.240 GC heap before
{Heap before GC invocations=12 (full 2):
 PSYoungGen      total 164864K, used 13048K [0x00000000d6780000, 0x00000000e3280000, 0x0000000100000000)
  eden space 148480K, 0% used [0x00000000d6780000,0x00000000d6780000,0x00000000df880000)
  from space 16384K, 79% used [0x00000000e0980000,0x00000000e163e258,0x00000000e1980000)
  to   space 17408K, 0% used [0x00000000df880000,0x00000000df880000,0x00000000e0980000)
 ParOldGen       total 69120K, used 16705K [0x0000000083600000, 0x0000000087980000, 0x00000000d6780000)
  object space 69120K, 24% used [0x0000000083600000,0x00000000846507c8,0x0000000087980000)
 Metaspace       used 33860K, capacity 35388K, committed 35496K, reserved 1079296K
  class space    used 4456K, capacity 4750K, committed 4776K, reserved 1048576K
Event: 17.449 GC heap after
Heap after GC invocations=12 (full 2):
 PSYoungGen      total 164864K, used 0K [0x00000000d6780000, 0x00000000e3280000, 0x0000000100000000)
  eden space 148480K, 0% used [0x00000000d6780000,0x00000000d6780000,0x00000000df880000)
  from space 16384K, 0% used [0x00000000e0980000,0x00000000e0980000,0x00000000e1980000)
  to   space 17408K, 0% used [0x00000000df880000,0x00000000df880000,0x00000000e0980000)
 ParOldGen       total 92672K, used 21773K [0x0000000083600000, 0x0000000089080000, 0x00000000d6780000)
  object space 92672K, 23% used [0x0000000083600000,0x0000000084b43600,0x0000000089080000)
 Metaspace       used 33860K, capacity 35388K, committed 35496K, reserved 1079296K
  class space    used 4456K, capacity 4750K, committed 4776K, reserved 1048576K
}
Event: 20.724 GC heap before
{Heap before GC invocations=13 (full 2):
 PSYoungGen      total 164864K, used 148480K [0x00000000d6780000, 0x00000000e3280000, 0x0000000100000000)
  eden space 148480K, 100% used [0x00000000d6780000,0x00000000df880000,0x00000000df880000)
  from space 16384K, 0% used [0x00000000e0980000,0x00000000e0980000,0x00000000e1980000)
  to   space 17408K, 0% used [0x00000000df880000,0x00000000df880000,0x00000000e0980000)
 ParOldGen       total 92672K, used 21773K [0x0000000083600000, 0x0000000089080000, 0x00000000d6780000)
  object space 92672K, 23% used [0x0000000083600000,0x0000000084b43600,0x0000000089080000)
 Metaspace       used 37951K, capacity 39828K, committed 40104K, reserved 1083392K
  class space    used 5062K, capacity 5464K, committed 5544K, reserved 1048576K
Event: 20.766 GC heap after
Heap after GC invocations=13 (full 2):
 PSYoungGen      total 165888K, used 7856K [0x00000000d6780000, 0x00000000e5780000, 0x0000000100000000)
  eden space 148480K, 0% used [0x00000000d6780000,0x00000000d6780000,0x00000000df880000)
  from space 17408K, 45% used [0x00000000df880000,0x00000000e002c338,0x00000000e0980000)
  to   space 16896K, 0% used [0x00000000e4700000,0x00000000e4700000,0x00000000e5780000)
 ParOldGen       total 92672K, used 21773K [0x0000000083600000, 0x0000000089080000, 0x00000000d6780000)
  object space 92672K, 23% used [0x0000000083600000,0x0000000084b43600,0x0000000089080000)
 Metaspace       used 37951K, capacity 39828K, committed 40104K, reserved 1083392K
  class space    used 5062K, capacity 5464K, committed 5544K, reserved 1048576K
}
Event: 24.483 GC heap before
{Heap before GC invocations=14 (full 2):
 PSYoungGen      total 165888K, used 156336K [0x00000000d6780000, 0x00000000e5780000, 0x0000000100000000)
  eden space 148480K, 100% used [0x00000000d6780000,0x00000000df880000,0x00000000df880000)
  from space 17408K, 45% used [0x00000000df880000,0x00000000e002c338,0x00000000e0980000)
  to   space 16896K, 0% used [0x00000000e4700000,0x00000000e4700000,0x00000000e5780000)
 ParOldGen       total 92672K, used 21773K [0x0000000083600000, 0x0000000089080000, 0x00000000d6780000)
  object space 92672K, 23% used [0x0000000083600000,0x0000000084b43600,0x0000000089080000)
 Metaspace       used 40366K, capacity 42380K, committed 42536K, reserved 1085440K
  class space    used 5406K, capacity 5834K, committed 5928K, reserved 1048576K
Event: 24.567 GC heap after
Heap after GC invocations=14 (full 2):
 PSYoungGen      total 220672K, used 10346K [0x00000000d6780000, 0x00000000e5300000, 0x0000000100000000)
  eden space 208384K, 0% used [0x00000000d6780000,0x00000000d6780000,0x00000000e3300000)
  from space 12288K, 84% used [0x00000000e4700000,0x00000000e511a868,0x00000000e5300000)
  to   space 16384K, 0% used [0x00000000e3300000,0x00000000e3300000,0x00000000e4300000)
 ParOldGen       total 92672K, used 21781K [0x0000000083600000, 0x0000000089080000, 0x00000000d6780000)
  object space 92672K, 23% used [0x0000000083600000,0x0000000084b45600,0x0000000089080000)
 Metaspace       used 40366K, capacity 42380K, committed 42536K, reserved 1085440K
  class space    used 5406K, capacity 5834K, committed 5928K, reserved 1048576K
}
Event: 27.784 GC heap before
{Heap before GC invocations=15 (full 2):
 PSYoungGen      total 220672K, used 218730K [0x00000000d6780000, 0x00000000e5300000, 0x0000000100000000)
  eden space 208384K, 100% used [0x00000000d6780000,0x00000000e3300000,0x00000000e3300000)
  from space 12288K, 84% used [0x00000000e4700000,0x00000000e511a868,0x00000000e5300000)
  to   space 16384K, 0% used [0x00000000e3300000,0x00000000e3300000,0x00000000e4300000)
 ParOldGen       total 92672K, used 21781K [0x0000000083600000, 0x0000000089080000, 0x00000000d6780000)
  object space 92672K, 23% used [0x0000000083600000,0x0000000084b45600,0x0000000089080000)
 Metaspace       used 42374K, capacity 44516K, committed 44584K, reserved 1087488K
  class space    used 5674K, capacity 6122K, committed 6184K, reserved 1048576K

Deoptimization events (0 events):
No events

Classes redefined (0 events):
No events

Internal exceptions (10 events):
Event: 27.566 Thread 0x00007f89c0002000 Exception <a 'java/lang/ArrayIndexOutOfBoundsException'> (0x00000000e2d5d2d0) thrown at [/build/openjdk-8-lHVHKD/openjdk-8-8u212-b03/src/hotspot/src/share/vm/runtime/sharedRuntime.cpp, line 605]
Event: 27.569 Thread 0x00007f89c0002000 Exception <a 'java/lang/ArrayIndexOutOfBoundsException'> (0x00000000e2d71218) thrown at [/build/openjdk-8-lHVHKD/openjdk-8-8u212-b03/src/hotspot/src/share/vm/runtime/sharedRuntime.cpp, line 605]
Event: 27.570 Thread 0x00007f89c0002000 Exception <a 'java/lang/ClassNotFoundException': org/springframework/beans/factory/BeanFactoryAwareCustomizer> (0x00000000e2df8cf0) thrown at [/build/openjdk-8-lHVHKD/openjdk-8-8u212-b03/src/hotspot/src/share/vm/classfile/systemDictionary.cpp, line 210]
Event: 27.570 Thread 0x00007f89c0002000 Exception <a 'java/lang/ClassNotFoundException': org/springframework/beans/factory/InitializingBeanCustomizer> (0x00000000e2e228d0) thrown at [/build/openjdk-8-lHVHKD/openjdk-8-8u212-b03/src/hotspot/src/share/vm/classfile/systemDictionary.cpp, line 210]
Event: 27.571 Thread 0x00007f89c0002000 Exception <a 'java/lang/ClassNotFoundException': org/springframework/web/servlet/HandlerAdapterCustomizer> (0x00000000e2e49370) thrown at [/build/openjdk-8-lHVHKD/openjdk-8-8u212-b03/src/hotspot/src/share/vm/classfile/systemDictionary.cpp, line 210]
Event: 27.571 Thread 0x00007f89c0002000 Exception <a 'java/lang/ClassNotFoundException': org/springframework/core/OrderedCustomizer> (0x00000000e2e696b8) thrown at [/build/openjdk-8-lHVHKD/openjdk-8-8u212-b03/src/hotspot/src/share/vm/classfile/systemDictionary.cpp, line 210]
Event: 27.572 Thread 0x00007f89c0002000 Exception <a 'java/lang/ClassNotFoundException': org/springframework/web/context/ServletContextAwareCustomizer> (0x00000000e2e93338) thrown at [/build/openjdk-8-lHVHKD/openjdk-8-8u212-b03/src/hotspot/src/share/vm/classfile/systemDictionary.cpp, line 210]
Event: 27.572 Thread 0x00007f89c0002000 Exception <a 'java/lang/ClassNotFoundException': org/springframework/context/ApplicationContextAwareCustomizer> (0x00000000e2ebd448) thrown at [/build/openjdk-8-lHVHKD/openjdk-8-8u212-b03/src/hotspot/src/share/vm/classfile/systemDictionary.cpp, line 210]
Event: 27.647 Thread 0x00007f89c0002000 Exception <a 'java/lang/ArrayIndexOutOfBoundsException'> (0x00000000e305cc48) thrown at [/build/openjdk-8-lHVHKD/openjdk-8-8u212-b03/src/hotspot/src/share/vm/runtime/sharedRuntime.cpp, line 605]
Event: 27.698 Thread 0x00007f89c0002000 Exception <a 'java/lang/ArrayIndexOutOfBoundsException'> (0x00000000e326cac0) thrown at [/build/openjdk-8-lHVHKD/openjdk-8-8u212-b03/src/hotspot/src/share/vm/runtime/sharedRuntime.cpp, line 605]

Events (10 events):
Event: 27.710 loading class org/springframework/web/servlet/mvc/method/annotation/RequestPartMethodArgumentResolver done
Event: 27.712 loading class org/springframework/web/method/annotation/RequestHeaderMethodArgumentResolver
Event: 27.712 loading class org/springframework/web/method/annotation/RequestHeaderMethodArgumentResolver done
Event: 27.713 loading class org/springframework/web/method/annotation/RequestHeaderMapMethodArgumentResolver
Event: 27.713 loading class org/springframework/web/method/annotation/RequestHeaderMapMethodArgumentResolver done
Event: 27.713 loading class org/springframework/web/servlet/mvc/method/annotation/ServletCookieValueMethodArgumentResolver
Event: 27.713 loading class org/springframework/web/servlet/mvc/method/annotation/ServletCookieValueMethodArgumentResolver done
Event: 27.718 loading class org/springframework/web/method/annotation/AbstractCookieValueMethodArgumentResolver
Event: 27.718 loading class org/springframework/web/method/annotation/AbstractCookieValueMethodArgumentResolver done
Event: 27.726 Executing VM operation: ParallelGCFailedAllocation


Dynamic libraries:
00400000-00401000 r-xp 00000000 ca:01 773568                             /usr/lib/jvm/java-8-openjdk-amd64/jre/bin/java
00600000-00601000 r--p 00000000 ca:01 773568                             /usr/lib/jvm/java-8-openjdk-amd64/jre/bin/java
00601000-00602000 rw-p 00001000 ca:01 773568                             /usr/lib/jvm/java-8-openjdk-amd64/jre/bin/java
01393000-02302000 rw-p 00000000 00:00 0                                  [heap]
83600000-89080000 rw-p 00000000 00:00 0 
89080000-d6780000 ---p 00000000 00:00 0 
d6780000-e5300000 rw-p 00000000 00:00 0 
ea500000-100000000 ---p 00000000 00:00 0 
100000000-10060a000 rw-p 00000000 00:00 0 
10060a000-140000000 ---p 00000000 00:00 0 
7f89bc000000-7f89bc021000 rw-p 00000000 00:00 0 
7f89bc021000-7f89c0000000 ---p 00000000 00:00 0 
7f89c0000000-7f89c02bf000 rw-p 00000000 00:00 0 
7f89c02bf000-7f89c4000000 ---p 00000000 00:00 0 
7f89c4000000-7f89c4064000 rw-p 00000000 00:00 0 
7f89c4064000-7f89c8000000 ---p 00000000 00:00 0 
7f89c8000000-7f89c8021000 rw-p 00000000 00:00 0 
7f89c8021000-7f89cc000000 ---p 00000000 00:00 0 
7f89cc000000-7f89cc021000 rw-p 00000000 00:00 0 
7f89cc021000-7f89d0000000 ---p 00000000 00:00 0 
7f89d0f85000-7f89d1105000 rw-p 00000000 00:00 0 
7f89d1105000-7f89d1185000 ---p 00000000 00:00 0 
7f89d1185000-7f89d1385000 rw-p 00000000 00:00 0 
7f89d1385000-7f89d1388000 ---p 00000000 00:00 0 
7f89d1388000-7f89d1486000 rw-p 00000000 00:00 0 
7f89d1486000-7f89d1489000 ---p 00000000 00:00 0 
7f89d1489000-7f89d1787000 rw-p 00000000 00:00 0 
7f89d1787000-7f89d17af000 r-xp 00000000 ca:01 773649                     /usr/lib/jvm/java-8-openjdk-amd64/jre/lib/amd64/libsunec.so
7f89d17af000-7f89d19ae000 ---p 00028000 ca:01 773649                     /usr/lib/jvm/java-8-openjdk-amd64/jre/lib/amd64/libsunec.so
7f89d19ae000-7f89d19b2000 r--p 00027000 ca:01 773649                     /usr/lib/jvm/java-8-openjdk-amd64/jre/lib/amd64/libsunec.so
7f89d19b2000-7f89d19b3000 rw-p 0002b000 ca:01 773649                     /usr/lib/jvm/java-8-openjdk-amd64/jre/lib/amd64/libsunec.so
7f89d19b3000-7f89d19b6000 ---p 00000000 00:00 0 
7f89d19b6000-7f89d1ab4000 rw-p 00000000 00:00 0 
7f89d1ab4000-7f89d1ab7000 ---p 00000000 00:00 0 
7f89d1ab7000-7f89d1db5000 rw-p 00000000 00:00 0 
7f89d1db5000-7f89d1fb5000 rw-p 00000000 00:00 0 
7f89d1fb5000-7f89d21b5000 rw-p 00000000 00:00 0 
7f89d21b5000-7f89d23b5000 rw-p 00000000 00:00 0 
7f89d23b5000-7f89d25b5000 rw-p 00000000 00:00 0 
7f89d25b5000-7f89d27b5000 rw-p 00000000 00:00 0 
7f89d27b5000-7f89d29b5000 rw-p 00000000 00:00 0 
7f89d29b5000-7f89d2bb5000 rw-p 00000000 00:00 0 
7f89d2bb5000-7f89d2db5000 rw-p 00000000 00:00 0 
7f89d2db5000-7f89d2db8000 ---p 00000000 00:00 0 
7f89d2db8000-7f89d30b6000 rw-p 00000000 00:00 0 
7f89d30b6000-7f89d30b9000 ---p 00000000 00:00 0 
7f89d30b9000-7f89d31b7000 rw-p 00000000 00:00 0 
7f89d31b7000-7f89d31ba000 ---p 00000000 00:00 0 
7f89d31ba000-7f89d32b8000 rw-p 00000000 00:00 0 
7f89d32b8000-7f89d32bb000 ---p 00000000 00:00 0 
7f89d32bb000-7f89d33b9000 rw-p 00000000 00:00 0 
7f89d33b9000-7f89d33bb000 r--s 00016000 ca:01 799035                     /usr/lib/jvm/java-8-openjdk-amd64/jre/lib/jce.jar
7f89d33bb000-7f89d33ce000 r--s 00346000 ca:01 773658                     /usr/lib/jvm/java-8-openjdk-amd64/jre/lib/resources.jar
7f89d33ce000-7f89d33d3000 r--s 002f9000 ca:01 799017                     /usr/lib/jvm/java-8-openjdk-amd64/jre/lib/charsets.jar
7f89d33d3000-7f89d35d3000 rw-p 00000000 00:00 0 
7f89d35d3000-7f89d37d3000 rw-p 00000000 00:00 0 
7f89d37d3000-7f89d37d4000 ---p 00000000 00:00 0 
7f89d37d4000-7f89d38d4000 rw-p 00000000 00:00 0 
7f89d38d4000-7f89d38d7000 ---p 00000000 00:00 0 
7f89d38d7000-7f89d39d5000 rw-p 00000000 00:00 0 
7f89d39d5000-7f89d39d8000 ---p 00000000 00:00 0 
7f89d39d8000-7f89d3ad6000 rw-p 00000000 00:00 0 
7f89d3ad6000-7f89d3ad9000 ---p 00000000 00:00 0 
7f89d3ad9000-7f89d3bd7000 rw-p 00000000 00:00 0 
7f89d3bd7000-7f89d3bdb000 r--s 000a1000 ca:01 799015                     /usr/lib/jvm/java-8-openjdk-amd64/jre/lib/jsse.jar
7f89d3bdb000-7f89d3bdf000 r--s 0004b000 ca:01 1867696                    /home/ubuntu/.m2/repository/com/fasterxml/jackson/core/jackson-core/2.9.5/jackson-core-2.9.5.jar
7f89d3bdf000-7f89d3be2000 r--s 0000e000 ca:01 1802894                    /home/ubuntu/.m2/repository/com/fasterxml/jackson/core/jackson-annotations/2.9.0/jackson-annotations-2.9.0.jar
7f89d3be2000-7f89d3bf4000 r--s 00133000 ca:01 1802892                    /home/ubuntu/.m2/repository/com/fasterxml/jackson/core/jackson-databind/2.9.1/jackson-databind-2.9.1.jar
7f89d3bf4000-7f89d3bf6000 r--s 00003000 ca:01 1132330                    /home/ubuntu/.m2/repository/org/mapstruct/mapstruct/1.1.0.Final/mapstruct-1.1.0.Final.jar
7f89d3bf6000-7f89d3bf8000 r--s 00000000 ca:01 1397777                    /home/ubuntu/.m2/repository/org/springframework/plugin/spring-plugin-metadata/1.2.0.RELEASE/spring-plugin-metadata-1.2.0.RELEASE.jar
7f89d3bf8000-7f89d3bf9000 r--s 00004000 ca:01 1397775                    /home/ubuntu/.m2/repository/org/springframework/plugin/spring-plugin-core/1.2.0.RELEASE/spring-plugin-core-1.2.0.RELEASE.jar
7f89d3bf9000-7f89d3bfb000 r--s 00009000 ca:01 1802886                    /home/ubuntu/.m2/repository/org/slf4j/slf4j-api/1.7.25/slf4j-api-1.7.25.jar
7f89d3bfb000-7f89d3bfd000 r--s 0000e000 ca:01 1867688                    /home/ubuntu/.m2/repository/com/fasterxml/classmate/1.3.4/classmate-1.3.4.jar
7f89d3bfd000-7f89d3c28000 r--s 001fc000 ca:01 1132328                    /home/ubuntu/.m2/repository/com/google/guava/guava/18.0/guava-18.0.jar
7f89d3c28000-7f89d3c2b000 r--s 00013000 ca:01 1132326                    /home/ubuntu/.m2/repository/io/springfox/springfox-swagger-common/2.7.0/springfox-swagger-common-2.7.0.jar
7f89d3c2b000-7f89d3c2e000 r--s 00010000 ca:01 1132324                    /home/ubuntu/.m2/repository/io/springfox/springfox-schema/2.7.0/springfox-schema-2.7.0.jar
7f89d3c2e000-7f89d3c32000 r--s 00017000 ca:01 1132322                    /home/ubuntu/.m2/repository/io/springfox/springfox-core/2.7.0/springfox-core-2.7.0.jar
7f89d3c32000-7f89d3c35000 r--s 0000a000 ca:01 1132320                    /home/ubuntu/.m2/repository/io/springfox/springfox-spi/2.7.0/springfox-spi-2.7.0.jar
7f89d3c35000-7f89d3c38000 r--s 00020000 ca:01 1132318                    /home/ubuntu/.m2/repository/io/swagger/swagger-models/1.5.13/swagger-models-1.5.13.jar
7f89d3c38000-7f89d3c3a000 r--s 00004000 ca:01 1132316                    /home/ubuntu/.m2/repository/io/swagger/swagger-annotations/1.5.13/swagger-annotations-1.5.13.jar
7f89d3c3a000-7f89d3c3d000 r--s 0000d000 ca:01 1132314                    /home/ubuntu/.m2/repository/io/springfox/springfox-swagger2/2.7.0/springfox-swagger2-2.7.0.jar
7f89d3c3d000-7f89d3c47000 r--s 000aa000 ca:01 1867801                    /home/ubuntu/.m2/repository/org/javassist/javassist/3.21.0-GA/javassist-3.21.0-GA.jar
7f89d3c47000-7f89d3c4a000 r--s 0001d000 ca:01 1132312                    /home/ubuntu/.m2/repository/org/reflections/reflections/0.9.11/reflections-0.9.11.jar
7f89d3c4a000-7f89d3c4f000 r--s 00026000 ca:01 1132310                    /home/ubuntu/.m2/repository/io/springfox/springfox-spring-web/2.7.0/springfox-spring-web-2.7.0.jar
7f89d3c4f000-7f89d3c52000 r--s 00065000 ca:01 1132308                    /home/ubuntu/.m2/repository/io/springfox/springfox-swagger-ui/2.7.0/springfox-swagger-ui-2.7.0.jar
7f89d3c52000-7f89d3c54000 r--s 00004000 ca:01 1397465                    /home/ubuntu/.m2/repository/org/springframework/spring-jcl/5.0.6.RELEASE/spring-jcl-5.0.6.RELEASE.jar
7f89d3c54000-7f89d3c57000 r--s 00011000 ca:01 1397463                    /home/ubuntu/.m2/repository/org/springframework/session/spring-session-core/2.0.3.RELEASE/spring-session-core-2.0.3.RELEASE.jar
7f89d3c57000-7f89d3c59000 r--s 0000e000 ca:01 1397449                    /home/ubuntu/.m2/repository/javax/activation/activation/1.1/activation-1.1.jar
7f89d3c59000-7f89d3c61000 r--s 00098000 ca:01 1072840                    /home/ubuntu/.m2/repository/com/sun/mail/javax.mail/1.6.1/javax.mail-1.6.1.jar
7f89d3c61000-7f89d3c66000 r--s 00027000 ca:01 1397447                    /home/ubuntu/.m2/repository/org/springframework/spring-context-support/5.0.6.RELEASE/spring-context-support-5.0.6.RELEASE.jar
7f89d3c66000-7f89d3c80000 r--s 000f1000 ca:01 1397445                    /home/ubuntu/.m2/repository/org/springframework/spring-context/5.0.6.RELEASE/spring-context-5.0.6.RELEASE.jar
7f89d3c80000-7f89d3c81000 r--s 00000000 ca:01 1397443                    /home/ubuntu/.m2/repository/org/springframework/boot/spring-boot-starter-mail/2.0.2.RELEASE/spring-boot-starter-mail-2.0.2.RELEASE.jar
7f89d3c81000-7f89d3c98000 r--s 000f0000 ca:01 1397441                    /home/ubuntu/.m2/repository/org/springframework/data/spring-data-commons/2.0.7.RELEASE/spring-data-commons-2.0.7.RELEASE.jar
7f89d3c98000-7f89d3ca0000 r--s 00037000 ca:01 1867676                    /home/ubuntu/.m2/repository/org/springframework/spring-tx/5.0.6.RELEASE/spring-tx-5.0.6.RELEASE.jar
7f89d3ca0000-7f89d3cbd000 r--s 00113000 ca:01 1397437                    /home/ubuntu/.m2/repository/org/springframework/data/spring-data-mongodb/2.0.7.RELEASE/spring-data-mongodb-2.0.7.RELEASE.jar
7f89d3cbd000-7f89d3cd3000 r--s 000fb000 ca:01 1072838                    /home/ubuntu/.m2/repository/org/mongodb/mongodb-driver-core/3.6.3/mongodb-driver-core-3.6.3.jar
7f89d3cd3000-7f89d3cdb000 r--s 00059000 ca:01 1072836                    /home/ubuntu/.m2/repository/org/mongodb/bson/3.6.3/bson-3.6.3.jar
7f89d3cdb000-7f89d3ce2000 r--s 00058000 ca:01 1072834                    /home/ubuntu/.m2/repository/org/mongodb/mongodb-driver/3.6.3/mongodb-driver-3.6.3.jar
7f89d3ce2000-7f89d3ce3000 r--s 00000000 ca:01 1397435                    /home/ubuntu/.m2/repository/org/springframework/boot/spring-boot-starter-data-mongodb/2.0.2.RELEASE/spring-boot-starter-data-mongodb-2.0.2.RELEASE.jar
7f89d3ce3000-7f89d3cfc000 r--s 001bf000 ca:01 1132306                    /home/ubuntu/.m2/repository/org/aspectj/aspectjweaver/1.8.13/aspectjweaver-1.8.13.jar
7f89d3cfc000-7f89d3d05000 r--s 00051000 ca:01 1397431                    /home/ubuntu/.m2/repository/org/springframework/spring-aop/5.0.6.RELEASE/spring-aop-5.0.6.RELEASE.jar
7f89d3d05000-7f89d3d06000 r--s 00000000 ca:01 1397419                    /home/ubuntu/.m2/repository/org/springframework/boot/spring-boot-starter-aop/2.0.2.RELEASE/spring-boot-starter-aop-2.0.2.RELEASE.jar
7f89d3d06000-7f89d3d0a000 r--s 00018000 ca:01 1132304                    /home/ubuntu/.m2/repository/io/jsonwebtoken/jjwt/0.7.0/jjwt-0.7.0.jar
7f89d3d0a000-7f89d3d22000 r--s 00114000 ca:01 1397473                    /home/ubuntu/.m2/repository/org/springframework/spring-core/5.0.6.RELEASE/spring-core-5.0.6.RELEASE.jar
7f89d3d22000-7f89d3d5e000 r--s 00290000 ca:01 1867692                    /home/ubuntu/.m2/repository/net/bytebuddy/byte-buddy/1.7.11/byte-buddy-1.7.11.jar
7f89d3d5e000-7f89d3d63000 r--s 00040000 ca:01 1397439                    /home/ubuntu/.m2/repository/org/springframework/spring-expression/5.0.6.RELEASE/spring-expression-5.0.6.RELEASE.jar
7f89d3d63000-7f89d3d72000 r--s 000b2000 ca:01 1397461                    /home/ubuntu/.m2/repository/org/springframework/spring-webmvc/5.0.6.RELEASE/spring-webmvc-5.0.6.RELEASE.jar
7f89d3d72000-7f89d3d7e000 r--s 00096000 ca:01 1397433                    /home/ubuntu/.m2/repository/org/springframework/spring-beans/5.0.6.RELEASE/spring-beans-5.0.6.RELEASE.jar
7f89d3d7e000-7f89d3d98000 r--s 00119000 ca:01 1397459                    /home/ubuntu/.m2/repository/org/springframework/spring-web/5.0.6.RELEASE/spring-web-5.0.6.RELEASE.jar
7f89d3d98000-7f89d3d9a000 r--s 0000f000 ca:01 1867686                    /home/ubuntu/.m2/repository/org/jboss/logging/jboss-logging/3.3.2.Final/jboss-logging-3.3.2.Final.jar
7f89d3d9a000-7f89d3d9f000 r--s 00012000 ca:01 1397457                    /home/ubuntu/.m2/repository/javax/validation/validation-api/2.0.1.Final/validation-api-2.0.1.Final.jar
7f89d3d9f000-7f89d3dbc000 r--s 000f8000 ca:01 1867684                    /home/ubuntu/.m2/repository/org/hibernate/validator/hibernate-validator/6.0.9.Final/hibernate-validator-6.0.9.Final.jar
7f89d3dbc000-7f89d3de5000 r--s 002d0000 ca:01 1072842                    /home/ubuntu/.m2/repository/org/apache/tomcat/embed/tomcat-embed-core/8.5.31/tomcat-embed-core-8.5.31.jar
7f89d3de5000-7f89d3dfc000 r-xp 00000000 ca:01 68771                      /lib/x86_64-linux-gnu/libresolv-2.23.so
7f89d3dfc000-7f89d3ffc000 ---p 00017000 ca:01 68771                      /lib/x86_64-linux-gnu/libresolv-2.23.so
7f89d3ffc000-7f89d3ffd000 r--p 00017000 ca:01 68771                      /lib/x86_64-linux-gnu/libresolv-2.23.so
7f89d3ffd000-7f89d3ffe000 rw-p 00018000 ca:01 68771                      /lib/x86_64-linux-gnu/libresolv-2.23.so
7f89d3ffe000-7f89d4000000 rw-p 00000000 00:00 0 
7f89d4000000-7f89d4035000 rw-p 00000000 00:00 0 
7f89d4035000-7f89d8000000 ---p 00000000 00:00 0 
7f89d8000000-7f89d8053000 rw-p 00000000 00:00 0 
7f89d8053000-7f89dc000000 ---p 00000000 00:00 0 
7f89dc000000-7f89dc021000 rw-p 00000000 00:00 0 
7f89dc021000-7f89e0000000 ---p 00000000 00:00 0 
7f89e0000000-7f89e0856000 rw-p 00000000 00:00 0 
7f89e0856000-7f89e4000000 ---p 00000000 00:00 0 
7f89e4000000-7f89e4021000 rw-p 00000000 00:00 0 
7f89e4021000-7f89e8000000 ---p 00000000 00:00 0 
7f89e8000000-7f89e8021000 rw-p 00000000 00:00 0 
7f89e8021000-7f89ec000000 ---p 00000000 00:00 0 
7f89ec000000-7f89ec021000 rw-p 00000000 00:00 0 
7f89ec021000-7f89f0000000 ---p 00000000 00:00 0 
7f89f0000000-7f89f003a000 rw-p 00000000 00:00 0 
7f89f003a000-7f89f4000000 ---p 00000000 00:00 0 
7f89f4000000-7f89f4027000 rw-p 00000000 00:00 0 
7f89f4027000-7f89f8000000 ---p 00000000 00:00 0 
7f89f8000000-7f89f8005000 r--s 0003a000 ca:01 1072846                    /home/ubuntu/.m2/repository/org/apache/tomcat/embed/tomcat-embed-websocket/8.5.31/tomcat-embed-websocket-8.5.31.jar
7f89f8005000-7f89f8009000 r--s 00037000 ca:01 1072844                    /home/ubuntu/.m2/repository/org/apache/tomcat/embed/tomcat-embed-el/8.5.31/tomcat-embed-el-8.5.31.jar
7f89f8009000-7f89f800a000 r--s 00000000 ca:01 1397455                    /home/ubuntu/.m2/repository/org/springframework/boot/spring-boot-starter-tomcat/2.0.2.RELEASE/spring-boot-starter-tomcat-2.0.2.RELEASE.jar
7f89f800a000-7f89f800c000 r--s 00001000 ca:01 1867682                    /home/ubuntu/.m2/repository/com/fasterxml/jackson/module/jackson-module-parameter-names/2.9.5/jackson-module-parameter-names-2.9.5.jar
7f89f800c000-7f89f800f000 r--s 00016000 ca:01 1867680                    /home/ubuntu/.m2/repository/com/fasterxml/jackson/datatype/jackson-datatype-jsr310/2.9.5/jackson-datatype-jsr310-2.9.5.jar
7f89f800f000-7f89f8011000 r--s 00007000 ca:01 1867678                    /home/ubuntu/.m2/repository/com/fasterxml/jackson/datatype/jackson-datatype-jdk8/2.9.5/jackson-datatype-jdk8-2.9.5.jar
7f89f8011000-7f89f8012000 r--s 00000000 ca:01 1397453                    /home/ubuntu/.m2/repository/org/springframework/boot/spring-boot-starter-json/2.0.2.RELEASE/spring-boot-starter-json-2.0.2.RELEASE.jar
7f89f8012000-7f89f8019000 r--s 00042000 ca:01 1072829                    /home/ubuntu/.m2/repository/org/yaml/snakeyaml/1.19/snakeyaml-1.19.jar
7f89f8019000-7f89f801b000 r--s 00005000 ca:01 1397429                    /home/ubuntu/.m2/repository/javax/annotation/javax.annotation-api/1.3.2/javax.annotation-api-1.3.2.jar
7f89f801b000-7f89f801d000 r--s 00000000 ca:01 1072827                    /home/ubuntu/.m2/repository/org/slf4j/jul-to-slf4j/1.7.25/jul-to-slf4j-1.7.25.jar
7f89f801d000-7f89f8023000 r--s 00039000 ca:01 1072825                    /home/ubuntu/.m2/repository/org/apache/logging/log4j/log4j-api/2.10.0/log4j-api-2.10.0.jar
7f89f8023000-7f89f8025000 r--s 00003000 ca:01 1072823                    /home/ubuntu/.m2/repository/org/apache/logging/log4j/log4j-to-slf4j/2.10.0/log4j-to-slf4j-2.10.0.jar
7f89f8025000-7f89f8030000 r--s 00069000 ca:01 1072821                    /home/ubuntu/.m2/repository/ch/qos/logback/logback-core/1.2.3/logback-core-1.2.3.jar
7f89f8030000-7f89f8036000 r--s 00041000 ca:01 1072819                    /home/ubuntu/.m2/repository/ch/qos/logback/logback-classic/1.2.3/logback-classic-1.2.3.jar
7f89f8036000-7f89f8037000 r--s 00000000 ca:01 1397427                    /home/ubuntu/.m2/repository/org/springframework/boot/spring-boot-starter-logging/2.0.2.RELEASE/spring-boot-starter-logging-2.0.2.RELEASE.jar
7f89f8037000-7f89f8038000 r--s 00000000 ca:01 1397421                    /home/ubuntu/.m2/repository/org/springframework/boot/spring-boot-starter/2.0.2.RELEASE/spring-boot-starter-2.0.2.RELEASE.jar
7f89f8038000-7f89f8039000 r--s 00000000 ca:01 1397451                    /home/ubuntu/.m2/repository/org/springframework/boot/spring-boot-starter-web/2.0.2.RELEASE/spring-boot-starter-web-2.0.2.RELEASE.jar
7f89f8039000-7f89f803a000 r--s 00000000 ca:01 1327766                    /home/ubuntu/.m2/repository/org/springframework/cloud/spring-cloud-starter-ribbon/1.4.4.RELEASE/spring-cloud-starter-ribbon-1.4.4.RELEASE.jar
7f89f803a000-7f89f803c000 r--s 00005000 ca:01 1378872                    /home/ubuntu/.m2/repository/xpp3/xpp3_min/1.1.4c/xpp3_min-1.1.4c.jar
7f89f803c000-7f89f803d000 r--s 00001000 ca:01 1113761                    /home/ubuntu/.m2/repository/xmlpull/xmlpull/1.1.3.1/xmlpull-1.1.3.1.jar
7f89f803d000-7f89f804b000 r--s 00082000 ca:01 1350848                    /home/ubuntu/.m2/repository/com/thoughtworks/xstream/xstream/1.4.10/xstream-1.4.10.jar
7f89f804b000-7f89f804d000 r--s 00003000 ca:01 1208092                    /home/ubuntu/.m2/repository/com/netflix/ribbon/ribbon-eureka/2.2.5/ribbon-eureka-2.2.5.jar
7f89f804d000-7f89f8066000 r--s 00102000 ca:01 1086391                    /home/ubuntu/.m2/repository/io/reactivex/rxjava/1.3.8/rxjava-1.3.8.jar
7f89f8066000-7f89f8068000 r--s 00002000 ca:01 1086389                    /home/ubuntu/.m2/repository/com/netflix/netflix-commons/netflix-statistics/0.1.1/netflix-statistics-0.1.1.jar
7f89f8068000-7f89f806c000 r--s 00024000 ca:01 1208090                    /home/ubuntu/.m2/repository/com/netflix/ribbon/ribbon-loadbalancer/2.2.5/ribbon-loadbalancer-2.2.5.jar
7f89f806c000-7f89f806e000 r--s 00001000 ca:01 1086385                    /home/ubuntu/.m2/repository/com/netflix/netflix-commons/netflix-commons-util/0.3.0/netflix-commons-util-0.3.0.jar
7f89f806e000-7f89f807b000 r--s 00083000 ca:01 1086383                    /home/ubuntu/.m2/repository/commons-collections/commons-collections/3.2.2/commons-collections-3.2.2.jar
7f89f807b000-7f89f807d000 r--s 0000c000 ca:01 1208088                    /home/ubuntu/.m2/repository/com/netflix/ribbon/ribbon-httpclient/2.2.5/ribbon-httpclient-2.2.5.jar
7f89f807d000-7f89f8081000 r--s 00011000 ca:01 1208086                    /home/ubuntu/.m2/repository/com/netflix/ribbon/ribbon-core/2.2.5/ribbon-core-2.2.5.jar
7f89f8081000-7f89f808b000 r--s 00059000 ca:01 1086377                    /home/ubuntu/.m2/repository/io/reactivex/rxnetty/0.4.9/rxnetty-0.4.9.jar
7f89f808b000-7f89f808d000 r--s 0001a000 ca:01 1084686                    /home/ubuntu/.m2/repository/org/hdrhistogram/HdrHistogram/2.1.9/HdrHistogram-2.1.9.jar
7f89f808d000-7f89f8099000 r--s 00068000 ca:01 1208084                    /home/ubuntu/.m2/repository/com/netflix/hystrix/hystrix-core/1.5.12/hystrix-core-1.5.12.jar
7f89f8099000-7f89f809b000 r--s 00006000 ca:01 1086373                    /home/ubuntu/.m2/repository/io/reactivex/rxnetty-servo/0.4.9/rxnetty-servo-0.4.9.jar
7f89f809b000-7f89f809e000 r--s 0000b000 ca:01 1086371                    /home/ubuntu/.m2/repository/io/reactivex/rxnetty-contexts/0.4.9/rxnetty-contexts-0.4.9.jar
7f89f809e000-7f89f809f000 r--s 00009000 ca:01 1208082                    /home/ubuntu/.m2/repository/com/netflix/ribbon/ribbon-transport/2.2.5/ribbon-transport-2.2.5.jar
7f89f809f000-7f89f80a3000 r--s 00012000 ca:01 1208080                    /home/ubuntu/.m2/repository/com/netflix/ribbon/ribbon/2.2.5/ribbon-2.2.5.jar
7f89f80a3000-7f89f80a4000 r--s 00000000 ca:01 1351508                    /home/ubuntu/.m2/repository/org/springframework/cloud/spring-cloud-starter-netflix-ribbon/2.0.2.RELEASE/spring-cloud-starter-netflix-ribbon-2.0.2.RELEASE.jar
7f89f80a4000-7f89f80a9000 r--s 00041000 ca:01 1086365                    /home/ubuntu/.m2/repository/commons-lang/commons-lang/2.6/commons-lang-2.6.jar
7f89f80a9000-7f89f80b0000 r--s 00050000 ca:01 1086363                    /home/ubuntu/.m2/repository/commons-configuration/commons-configuration/1.8/commons-configuration-1.8.jar
7f89f80b0000-7f89f80b1000 r--s 00003000 ca:01 1351506                    /home/ubuntu/.m2/repository/org/springframework/cloud/spring-cloud-netflix-archaius/2.0.2.RELEASE/spring-cloud-netflix-archaius-2.0.2.RELEASE.jar
7f89f80b1000-7f89f80b5000 r--s 00016000 ca:01 1351504                    /home/ubuntu/.m2/repository/org/springframework/cloud/spring-cloud-netflix-ribbon/2.0.2.RELEASE/spring-cloud-netflix-ribbon-2.0.2.RELEASE.jar
7f89f80b5000-7f89f80b6000 r--s 00000000 ca:01 1351502                    /home/ubuntu/.m2/repository/org/springframework/cloud/spring-cloud-starter-netflix-archaius/2.0.2.RELEASE/spring-cloud-starter-netflix-archaius-2.0.2.RELEASE.jar
7f89f80b6000-7f89f80ba000 r--s 00024000 ca:01 1086361                    /home/ubuntu/.m2/repository/org/codehaus/woodstox/stax2-api/3.1.4/stax2-api-3.1.4.jar
7f89f80ba000-7f89f80bc000 r--s 00004000 ca:01 1350846                    /home/ubuntu/.m2/repository/javax/xml/stream/stax-api/1.0-2/stax-api-1.0-2.jar
7f89f80bc000-7f89f80c2000 r--s 00071000 ca:01 1086353                    /home/ubuntu/.m2/repository/org/codehaus/woodstox/woodstox-core-asl/4.4.1/woodstox-core-asl-4.4.1.jar
7f89f80c2000-7f89f80c7000 r--s 00039000 ca:01 1208078                    /home/ubuntu/.m2/repository/com/netflix/eureka/eureka-core/1.9.3/eureka-core-1.9.3.jar
7f89f80c7000-7f89f80cc000 r--s 00024000 ca:01 1086345                    /home/ubuntu/.m2/repository/com/github/andrewoma/dexx/dexx-collections/0.2/dexx-collections-0.2.jar
7f89f80cc000-7f89f80cd000 r--s 00004000 ca:01 1086343                    /home/ubuntu/.m2/repository/com/github/vlsi/compactmap/compactmap/1.2.1/compactmap-1.2.1.jar
7f89f80cd000-7f89f80cf000 r--s 00000000 ca:01 1150686                    /home/ubuntu/.m2/repository/aopalliance/aopalliance/1.0/aopalliance-1.0.jar
7f89f80cf000-7f89f80dd000 r--s 00097000 ca:01 1086341                    /home/ubuntu/.m2/repository/com/google/inject/guice/4.1.0/guice-4.1.0.jar
7f89f80dd000-7f89f80e4000 r--s 0004b000 ca:01 1349544                    /home/ubuntu/.m2/repository/commons-codec/commons-codec/1.11/commons-codec-1.11.jar
7f89f80e4000-7f89f80eb000 r--s 00049000 ca:01 1058471                    /home/ubuntu/.m2/repository/org/apache/httpcomponents/httpcore/4.4.9/httpcore-4.4.9.jar
7f89f80eb000-7f89f80f9000 r--s 000ae000 ca:01 1058452                    /home/ubuntu/.m2/repository/org/apache/httpcomponents/httpclient/4.5.5/httpclient-4.5.5.jar
7f89f80f9000-7f89f80fb000 r--s 00003000 ca:01 1086339                    /home/ubuntu/.m2/repository/com/sun/jersey/contribs/jersey-apache-client4/1.19.1/jersey-apache-client4-1.19.1.jar
7f89f80fb000-7f89f80fe000 r--s 0001e000 ca:01 1086337                    /home/ubuntu/.m2/repository/com/sun/jersey/jersey-client/1.19.1/jersey-client-1.19.1.jar
7f89f80fe000-7f89f8108000 r--s 00061000 ca:01 1086335                    /home/ubuntu/.m2/repository/com/sun/jersey/jersey-core/1.19.1/jersey-core-1.19.1.jar
7f89f8108000-7f89f810d000 r--s 00033000 ca:01 1086333                    /home/ubuntu/.m2/repository/com/netflix/servo/servo-core/0.12.21/servo-core-0.12.21.jar
7f89f810d000-7f89f810f000 r--s 0000a000 ca:01 1350844                    /home/ubuntu/.m2/repository/javax/ws/rs/jsr311-api/1.1.1/jsr311-api-1.1.1.jar
7f89f810f000-7f89f8113000 r--s 0001f000 ca:01 1086355                    /home/ubuntu/.m2/repository/com/netflix/archaius/archaius-core/0.7.6/archaius-core-0.7.6.jar
7f89f8113000-7f89f8126000 r--s 000df000 ca:01 1350842                    /home/ubuntu/.m2/repository/org/apache/commons/commons-math/2.2/commons-math-2.2.jar
7f89f8126000-7f89f812b000 r--s 00036000 ca:01 1087022                    /home/ubuntu/.m2/repository/com/google/code/gson/gson/2.8.4/gson-2.8.4.jar
7f89f812b000-7f89f8130000 r--s 00068000 ca:01 1844055                    /home/ubuntu/.m2/repository/antlr/antlr/2.7.7/antlr-2.7.7.jar
7f89f8130000-7f89f8133000 r--s 00022000 ca:01 1086329                    /home/ubuntu/.m2/repository/org/antlr/stringtemplate/3.2.1/stringtemplate-3.2.1.jar
7f89f8133000-7f89f8137000 r--s 00025000 ca:01 1086327                    /home/ubuntu/.m2/repository/org/antlr/antlr-runtime/3.4/antlr-runtime-3.4.jar
7f89f8137000-7f89f8148000 r--s 0008a000 ca:01 1086325                    /home/ubuntu/.m2/repository/joda-time/joda-time/2.9.9/joda-time-2.9.9.jar
7f89f8148000-7f89f814e000 r--s 00044000 ca:01 1086323                    /home/ubuntu/.m2/repository/commons-jxpath/commons-jxpath/1.3/commons-jxpath-1.3.jar
7f89f814e000-7f89f8151000 r--s 00016000 ca:01 1086321                    /home/ubuntu/.m2/repository/com/netflix/netflix-commons/netflix-infix/0.3.0/netflix-infix-0.3.0.jar
7f89f8151000-7f89f8153000 r--s 0000f000 ca:01 1086319                    /home/ubuntu/.m2/repository/com/netflix/netflix-commons/netflix-eventbus/0.3.0/netflix-eventbus-0.3.0.jar
7f89f8153000-7f89f8155000 r--s 00005000 ca:01 1086317                    /home/ubuntu/.m2/repository/stax/stax-api/1.0.1/stax-api-1.0.1.jar
7f89f8155000-7f89f8158000 r--s 00012000 ca:01 1086315                    /home/ubuntu/.m2/repository/org/codehaus/jettison/jettison/1.3.7/jettison-1.3.7.jar
7f89f8158000-7f89f8162000 r--s 00062000 ca:01 1208076                    /home/ubuntu/.m2/repository/com/netflix/eureka/eureka-client/1.9.3/eureka-client-1.9.3.jar
7f89f8162000-7f89f8165000 r--s 00015000 ca:01 1351500                    /home/ubuntu/.m2/repository/org/springframework/cloud/spring-cloud-netflix-eureka-client/2.0.2.RELEASE/spring-cloud-netflix-eureka-client-2.0.2.RELEASE.jar
7f89f8165000-7f89f8167000 r--s 00005000 ca:01 1351498                    /home/ubuntu/.m2/repository/org/springframework/cloud/spring-cloud-netflix-core/2.0.2.RELEASE/spring-cloud-netflix-core-2.0.2.RELEASE.jar
7f89f8167000-7f89f81bf000 r--s 003a7000 ca:01 1084698                    /home/ubuntu/.m2/repository/org/bouncycastle/bcprov-jdk15on/1.60/bcprov-jdk15on-1.60.jar
7f89f81bf000-7f89f81d2000 r--s 000b0000 ca:01 1084696                    /home/ubuntu/.m2/repository/org/bouncycastle/bcpkix-jdk15on/1.60/bcpkix-jdk15on-1.60.jar
7f89f81d2000-7f89f81d7000 r--s 0001b000 ca:01 1351496                    /home/ubuntu/.m2/repository/org/springframework/cloud/spring-cloud-commons/2.0.2.RELEASE/spring-cloud-commons-2.0.2.RELEASE.jar
7f89f81d7000-7f89f81dc000 r-xp 00000000 ca:01 68884                      /lib/x86_64-linux-gnu/libnss_dns-2.23.so
7f89f81dc000-7f89f83dc000 ---p 00005000 ca:01 68884                      /lib/x86_64-linux-gnu/libnss_dns-2.23.so
7f89f83dc000-7f89f83dd000 r--p 00005000 ca:01 68884                      /lib/x86_64-linux-gnu/libnss_dns-2.23.so
7f89f83dd000-7f89f83de000 rw-p 00006000 ca:01 68884                      /lib/x86_64-linux-gnu/libnss_dns-2.23.so
7f89f83de000-7f89f83ef000 r-xp 00000000 ca:01 773592                     /usr/lib/jvm/java-8-openjdk-amd64/jre/lib/amd64/libnio.so
7f89f83ef000-7f89f85ee000 ---p 00011000 ca:01 773592                     /usr/lib/jvm/java-8-openjdk-amd64/jre/lib/amd64/libnio.so
7f89f85ee000-7f89f85ef000 r--p 00010000 ca:01 773592                     /usr/lib/jvm/java-8-openjdk-amd64/jre/lib/amd64/libnio.so
7f89f85ef000-7f89f85f0000 rw-p 00011000 ca:01 773592                     /usr/lib/jvm/java-8-openjdk-amd64/jre/lib/amd64/libnio.so
7f89f85f0000-7f89f8606000 r-xp 00000000 ca:01 773648                     /usr/lib/jvm/java-8-openjdk-amd64/jre/lib/amd64/libnet.so
7f89f8606000-7f89f8806000 ---p 00016000 ca:01 773648                     /usr/lib/jvm/java-8-openjdk-amd64/jre/lib/amd64/libnet.so
7f89f8806000-7f89f8807000 r--p 00016000 ca:01 773648                     /usr/lib/jvm/java-8-openjdk-amd64/jre/lib/amd64/libnet.so
7f89f8807000-7f89f8808000 rw-p 00017000 ca:01 773648                     /usr/lib/jvm/java-8-openjdk-amd64/jre/lib/amd64/libnet.so
7f89f8808000-7f89f8811000 r-xp 00000000 ca:01 773596                     /usr/lib/jvm/java-8-openjdk-amd64/jre/lib/amd64/libmanagement.so
7f89f8811000-7f89f8a10000 ---p 00009000 ca:01 773596                     /usr/lib/jvm/java-8-openjdk-amd64/jre/lib/amd64/libmanagement.so
7f89f8a10000-7f89f8a11000 r--p 00008000 ca:01 773596                     /usr/lib/jvm/java-8-openjdk-amd64/jre/lib/amd64/libmanagement.so
7f89f8a11000-7f89f8a12000 rw-p 00009000 ca:01 773596                     /usr/lib/jvm/java-8-openjdk-amd64/jre/lib/amd64/libmanagement.so
7f89f8a12000-7f89f8a15000 ---p 00000000 00:00 0 
7f89f8a15000-7f89f8b13000 rw-p 00000000 00:00 0 
7f89f8b13000-7f89f8b16000 ---p 00000000 00:00 0 
7f89f8b16000-7f89f8c14000 rw-p 00000000 00:00 0 
7f89f8c14000-7f89f8c17000 ---p 00000000 00:00 0 
7f89f8c17000-7f89f8d15000 rw-p 00000000 00:00 0 
7f89f8d15000-7f89f8d18000 ---p 00000000 00:00 0 
7f89f8d18000-7f89f8e16000 rw-p 00000000 00:00 0 
7f89f8e16000-7f89f8fae000 r--p 00000000 ca:01 5060                       /usr/lib/locale/locale-archive
7f89f8fae000-7f89f8fb1000 ---p 00000000 00:00 0 
7f89f8fb1000-7f89f90af000 rw-p 00000000 00:00 0 
7f89f90af000-7f89f90b2000 ---p 00000000 00:00 0 
7f89f90b2000-7f89fd000000 rw-p 00000000 00:00 0 
7f89fd000000-7f89fd9a0000 rwxp 00000000 00:00 0 
7f89fd9a0000-7f8a0c000000 ---p 00000000 00:00 0 
7f8a0c000000-7f8a0cf41000 rw-p 00000000 00:00 0 
7f8a0cf41000-7f8a10000000 ---p 00000000 00:00 0 
7f8a10000000-7f8a10001000 r--s 00000000 ca:01 1398426                    /home/ubuntu/.m2/repository/javax/inject/javax.inject/1/javax.inject-1.jar
7f8a10001000-7f8a10003000 r--s 00010000 ca:01 1351299                    /home/ubuntu/.m2/repository/org/springframework/security/spring-security-crypto/5.0.5.RELEASE/spring-security-crypto-5.0.5.RELEASE.jar
7f8a10003000-7f8a10006000 r--s 00017000 ca:01 1351494                    /home/ubuntu/.m2/repository/org/springframework/cloud/spring-cloud-context/2.0.2.RELEASE/spring-cloud-context-2.0.2.RELEASE.jar
7f8a10006000-7f8a10027000 r--s 000fb000 ca:01 1397425                    /home/ubuntu/.m2/repository/org/springframework/boot/spring-boot-autoconfigure/2.0.2.RELEASE/spring-boot-autoconfigure-2.0.2.RELEASE.jar
7f8a10027000-7f8a1003c000 r--s 000ce000 ca:01 1397423                    /home/ubuntu/.m2/repository/org/springframework/boot/spring-boot/2.0.2.RELEASE/spring-boot-2.0.2.RELEASE.jar
7f8a1003c000-7f8a10057000 r--s 001d6000 ca:01 799040                     /usr/lib/jvm/java-8-openjdk-amd64/jre/lib/ext/nashorn.jar
7f8a10057000-7f8a10072000 r--s 00394000 ca:01 799039                     /usr/lib/jvm/java-8-openjdk-amd64/jre/lib/ext/cldrdata.jar
7f8a10072000-7f8a100a3000 rw-p 00000000 00:00 0 
7f8a100a3000-7f8a100a4000 ---p 00000000 00:00 0 
7f8a100a4000-7f8a10b3d000 rw-p 00000000 00:00 0 
7f8a10b3d000-7f8a10d0c000 r--s 03c3b000 ca:01 773655                     /usr/lib/jvm/java-8-openjdk-amd64/jre/lib/rt.jar
7f8a10d0c000-7f8a11967000 rw-p 00000000 00:00 0 
7f8a11967000-7f8a11968000 ---p 00000000 00:00 0 
7f8a11968000-7f8a11a68000 rw-p 00000000 00:00 0 
7f8a11a68000-7f8a11a69000 ---p 00000000 00:00 0 
7f8a11a69000-7f8a11b97000 rw-p 00000000 00:00 0 
7f8a11b97000-7f8a11e02000 ---p 00000000 00:00 0 
7f8a11e02000-7f8a11e30000 rw-p 00000000 00:00 0 
7f8a11e30000-7f8a1209a000 ---p 00000000 00:00 0 
7f8a1209a000-7f8a12111000 rw-p 00000000 00:00 0 
7f8a12111000-7f8a121e7000 ---p 00000000 00:00 0 
7f8a121e7000-7f8a1220f000 rw-p 00000000 00:00 0 
7f8a1220f000-7f8a125a8000 ---p 00000000 00:00 0 
7f8a125a8000-7f8a125b0000 r-xp 00000000 ca:01 773654                     /usr/lib/jvm/java-8-openjdk-amd64/jre/lib/amd64/libzip.so
7f8a125b0000-7f8a127af000 ---p 00008000 ca:01 773654                     /usr/lib/jvm/java-8-openjdk-amd64/jre/lib/amd64/libzip.so
7f8a127af000-7f8a127b0000 r--p 00007000 ca:01 773654                     /usr/lib/jvm/java-8-openjdk-amd64/jre/lib/amd64/libzip.so
7f8a127b0000-7f8a127b1000 rw-p 00008000 ca:01 773654                     /usr/lib/jvm/java-8-openjdk-amd64/jre/lib/amd64/libzip.so
7f8a127b1000-7f8a127bc000 r-xp 00000000 ca:01 68895                      /lib/x86_64-linux-gnu/libnss_files-2.23.so
7f8a127bc000-7f8a129bb000 ---p 0000b000 ca:01 68895                      /lib/x86_64-linux-gnu/libnss_files-2.23.so
7f8a129bb000-7f8a129bc000 r--p 0000a000 ca:01 68895                      /lib/x86_64-linux-gnu/libnss_files-2.23.so
7f8a129bc000-7f8a129bd000 rw-p 0000b000 ca:01 68895                      /lib/x86_64-linux-gnu/libnss_files-2.23.so
7f8a129bd000-7f8a129c3000 rw-p 00000000 00:00 0 
7f8a129c3000-7f8a129ce000 r-xp 00000000 ca:01 69164                      /lib/x86_64-linux-gnu/libnss_nis-2.23.so
7f8a129ce000-7f8a12bcd000 ---p 0000b000 ca:01 69164                      /lib/x86_64-linux-gnu/libnss_nis-2.23.so
7f8a12bcd000-7f8a12bce000 r--p 0000a000 ca:01 69164                      /lib/x86_64-linux-gnu/libnss_nis-2.23.so
7f8a12bce000-7f8a12bcf000 rw-p 0000b000 ca:01 69164                      /lib/x86_64-linux-gnu/libnss_nis-2.23.so
7f8a12bcf000-7f8a12be5000 r-xp 00000000 ca:01 67992                      /lib/x86_64-linux-gnu/libnsl-2.23.so
7f8a12be5000-7f8a12de4000 ---p 00016000 ca:01 67992                      /lib/x86_64-linux-gnu/libnsl-2.23.so
7f8a12de4000-7f8a12de5000 r--p 00015000 ca:01 67992                      /lib/x86_64-linux-gnu/libnsl-2.23.so
7f8a12de5000-7f8a12de6000 rw-p 00016000 ca:01 67992                      /lib/x86_64-linux-gnu/libnsl-2.23.so
7f8a12de6000-7f8a12de8000 rw-p 00000000 00:00 0 
7f8a12de8000-7f8a12df0000 r-xp 00000000 ca:01 68878                      /lib/x86_64-linux-gnu/libnss_compat-2.23.so
7f8a12df0000-7f8a12fef000 ---p 00008000 ca:01 68878                      /lib/x86_64-linux-gnu/libnss_compat-2.23.so
7f8a12fef000-7f8a12ff0000 r--p 00007000 ca:01 68878                      /lib/x86_64-linux-gnu/libnss_compat-2.23.so
7f8a12ff0000-7f8a12ff1000 rw-p 00008000 ca:01 68878                      /lib/x86_64-linux-gnu/libnss_compat-2.23.so
7f8a12ff1000-7f8a1301d000 r-xp 00000000 ca:01 773613                     /usr/lib/jvm/java-8-openjdk-amd64/jre/lib/amd64/libjava.so
7f8a1301d000-7f8a1321c000 ---p 0002c000 ca:01 773613                     /usr/lib/jvm/java-8-openjdk-amd64/jre/lib/amd64/libjava.so
7f8a1321c000-7f8a1321d000 r--p 0002b000 ca:01 773613                     /usr/lib/jvm/java-8-openjdk-amd64/jre/lib/amd64/libjava.so
7f8a1321d000-7f8a1321f000 rw-p 0002c000 ca:01 773613                     /usr/lib/jvm/java-8-openjdk-amd64/jre/lib/amd64/libjava.so
7f8a1321f000-7f8a1322e000 r-xp 00000000 ca:01 773595                     /usr/lib/jvm/java-8-openjdk-amd64/jre/lib/amd64/libverify.so
7f8a1322e000-7f8a1342d000 ---p 0000f000 ca:01 773595                     /usr/lib/jvm/java-8-openjdk-amd64/jre/lib/amd64/libverify.so
7f8a1342d000-7f8a1342f000 r--p 0000e000 ca:01 773595                     /usr/lib/jvm/java-8-openjdk-amd64/jre/lib/amd64/libverify.so
7f8a1342f000-7f8a13430000 rw-p 00010000 ca:01 773595                     /usr/lib/jvm/java-8-openjdk-amd64/jre/lib/amd64/libverify.so
7f8a13430000-7f8a13437000 r-xp 00000000 ca:01 69291                      /lib/x86_64-linux-gnu/librt-2.23.so
7f8a13437000-7f8a13636000 ---p 00007000 ca:01 69291                      /lib/x86_64-linux-gnu/librt-2.23.so
7f8a13636000-7f8a13637000 r--p 00006000 ca:01 69291                      /lib/x86_64-linux-gnu/librt-2.23.so
7f8a13637000-7f8a13638000 rw-p 00007000 ca:01 69291                      /lib/x86_64-linux-gnu/librt-2.23.so
7f8a13638000-7f8a1364e000 r-xp 00000000 ca:01 1965                       /lib/x86_64-linux-gnu/libgcc_s.so.1
7f8a1364e000-7f8a1384d000 ---p 00016000 ca:01 1965                       /lib/x86_64-linux-gnu/libgcc_s.so.1
7f8a1384d000-7f8a1384e000 rw-p 00015000 ca:01 1965                       /lib/x86_64-linux-gnu/libgcc_s.so.1
7f8a1384e000-7f8a13956000 r-xp 00000000 ca:01 67991                      /lib/x86_64-linux-gnu/libm-2.23.so
7f8a13956000-7f8a13b55000 ---p 00108000 ca:01 67991                      /lib/x86_64-linux-gnu/libm-2.23.so
7f8a13b55000-7f8a13b56000 r--p 00107000 ca:01 67991                      /lib/x86_64-linux-gnu/libm-2.23.so
7f8a13b56000-7f8a13b57000 rw-p 00108000 ca:01 67991                      /lib/x86_64-linux-gnu/libm-2.23.so
7f8a13b57000-7f8a13cc9000 r-xp 00000000 ca:01 2155                       /usr/lib/x86_64-linux-gnu/libstdc++.so.6.0.21
7f8a13cc9000-7f8a13ec9000 ---p 00172000 ca:01 2155                       /usr/lib/x86_64-linux-gnu/libstdc++.so.6.0.21
7f8a13ec9000-7f8a13ed3000 r--p 00172000 ca:01 2155                       /usr/lib/x86_64-linux-gnu/libstdc++.so.6.0.21
7f8a13ed3000-7f8a13ed5000 rw-p 0017c000 ca:01 2155                       /usr/lib/x86_64-linux-gnu/libstdc++.so.6.0.21
7f8a13ed5000-7f8a13ed9000 rw-p 00000000 00:00 0 
7f8a13ed9000-7f8a14b3d000 r-xp 00000000 ca:01 773611                     /usr/lib/jvm/java-8-openjdk-amd64/jre/lib/amd64/server/libjvm.so
7f8a14b3d000-7f8a14d3c000 ---p 00c64000 ca:01 773611                     /usr/lib/jvm/java-8-openjdk-amd64/jre/lib/amd64/server/libjvm.so
7f8a14d3c000-7f8a14dd0000 r--p 00c63000 ca:01 773611                     /usr/lib/jvm/java-8-openjdk-amd64/jre/lib/amd64/server/libjvm.so
7f8a14dd0000-7f8a14df9000 rw-p 00cf7000 ca:01 773611                     /usr/lib/jvm/java-8-openjdk-amd64/jre/lib/amd64/server/libjvm.so
7f8a14df9000-7f8a14e29000 rw-p 00000000 00:00 0 
7f8a14e29000-7f8a14e41000 r-xp 00000000 ca:01 67994                      /lib/x86_64-linux-gnu/libpthread-2.23.so
7f8a14e41000-7f8a15040000 ---p 00018000 ca:01 67994                      /lib/x86_64-linux-gnu/libpthread-2.23.so
7f8a15040000-7f8a15041000 r--p 00017000 ca:01 67994                      /lib/x86_64-linux-gnu/libpthread-2.23.so
7f8a15041000-7f8a15042000 rw-p 00018000 ca:01 67994                      /lib/x86_64-linux-gnu/libpthread-2.23.so
7f8a15042000-7f8a15046000 rw-p 00000000 00:00 0 
7f8a15046000-7f8a15049000 r-xp 00000000 ca:01 68001                      /lib/x86_64-linux-gnu/libdl-2.23.so
7f8a15049000-7f8a15248000 ---p 00003000 ca:01 68001                      /lib/x86_64-linux-gnu/libdl-2.23.so
7f8a15248000-7f8a15249000 r--p 00002000 ca:01 68001                      /lib/x86_64-linux-gnu/libdl-2.23.so
7f8a15249000-7f8a1524a000 rw-p 00003000 ca:01 68001                      /lib/x86_64-linux-gnu/libdl-2.23.so
7f8a1524a000-7f8a15263000 r-xp 00000000 ca:01 2120                       /lib/x86_64-linux-gnu/libz.so.1.2.8
7f8a15263000-7f8a15462000 ---p 00019000 ca:01 2120                       /lib/x86_64-linux-gnu/libz.so.1.2.8
7f8a15462000-7f8a15463000 r--p 00018000 ca:01 2120                       /lib/x86_64-linux-gnu/libz.so.1.2.8
7f8a15463000-7f8a15464000 rw-p 00019000 ca:01 2120                       /lib/x86_64-linux-gnu/libz.so.1.2.8
7f8a15464000-7f8a15624000 r-xp 00000000 ca:01 67996                      /lib/x86_64-linux-gnu/libc-2.23.so
7f8a15624000-7f8a15824000 ---p 001c0000 ca:01 67996                      /lib/x86_64-linux-gnu/libc-2.23.so
7f8a15824000-7f8a15828000 r--p 001c0000 ca:01 67996                      /lib/x86_64-linux-gnu/libc-2.23.so
7f8a15828000-7f8a1582a000 rw-p 001c4000 ca:01 67996                      /lib/x86_64-linux-gnu/libc-2.23.so
7f8a1582a000-7f8a1582e000 rw-p 00000000 00:00 0 
7f8a1582e000-7f8a1583b000 r-xp 00000000 ca:01 773653                     /usr/lib/jvm/java-8-openjdk-amd64/jre/lib/amd64/jli/libjli.so
7f8a1583b000-7f8a15a3a000 ---p 0000d000 ca:01 773653                     /usr/lib/jvm/java-8-openjdk-amd64/jre/lib/amd64/jli/libjli.so
7f8a15a3a000-7f8a15a3b000 r--p 0000c000 ca:01 773653                     /usr/lib/jvm/java-8-openjdk-amd64/jre/lib/amd64/jli/libjli.so
7f8a15a3b000-7f8a15a3c000 rw-p 0000d000 ca:01 773653                     /usr/lib/jvm/java-8-openjdk-amd64/jre/lib/amd64/jli/libjli.so
7f8a15a3c000-7f8a15a62000 r-xp 00000000 ca:01 67993                      /lib/x86_64-linux-gnu/ld-2.23.so
7f8a15a62000-7f8a15a63000 r--s 00004000 ca:01 1349542                    /home/ubuntu/.m2/repository/org/springframework/security/spring-security-rsa/1.0.7.RELEASE/spring-security-rsa-1.0.7.RELEASE.jar
7f8a15a63000-7f8a15a64000 r--s 00000000 ca:01 1351492                    /home/ubuntu/.m2/repository/org/springframework/cloud/spring-cloud-starter/2.0.2.RELEASE/spring-cloud-starter-2.0.2.RELEASE.jar
7f8a15a64000-7f8a15a6a000 r--s 0002d000 ca:01 1351547                    /home/ubuntu/.m2/repository/org/springframework/boot/spring-boot-devtools/2.0.2.RELEASE/spring-boot-devtools-2.0.2.RELEASE.jar
7f8a15a6a000-7f8a15a6f000 r--s 0003c000 ca:01 799043                     /usr/lib/jvm/java-8-openjdk-amd64/jre/lib/ext/sunjce_provider.jar
7f8a15a6f000-7f8a15a79000 r--s 00116000 ca:01 799046                     /usr/lib/jvm/java-8-openjdk-amd64/jre/lib/ext/localedata.jar
7f8a15a79000-7f8a15b44000 rw-p 00000000 00:00 0 
7f8a15b44000-7f8a15b47000 ---p 00000000 00:00 0 
7f8a15b47000-7f8a15c49000 rw-p 00000000 00:00 0 
7f8a15c49000-7f8a15c4a000 r--s 00000000 ca:01 1351490                    /home/ubuntu/.m2/repository/org/springframework/cloud/spring-cloud-starter-netflix-eureka-client/2.0.2.RELEASE/spring-cloud-starter-netflix-eureka-client-2.0.2.RELEASE.jar
7f8a15c4a000-7f8a15c4d000 r--s 0000f000 ca:01 799038                     /usr/lib/jvm/java-8-openjdk-amd64/jre/lib/ext/icedtea-sound.jar
7f8a15c4d000-7f8a15c4f000 r--s 00008000 ca:01 799042                     /usr/lib/jvm/java-8-openjdk-amd64/jre/lib/ext/sunec.jar
7f8a15c4f000-7f8a15c51000 r--s 00001000 ca:01 799045                     /usr/lib/jvm/java-8-openjdk-amd64/jre/lib/ext/dnsns.jar
7f8a15c51000-7f8a15c54000 r--s 00039000 ca:01 799047                     /usr/lib/jvm/java-8-openjdk-amd64/jre/lib/ext/sunpkcs11.jar
7f8a15c54000-7f8a15c55000 r--s 0000a000 ca:01 799044                     /usr/lib/jvm/java-8-openjdk-amd64/jre/lib/ext/jaccess.jar
7f8a15c55000-7f8a15c56000 r--s 00010000 ca:01 799041                     /usr/lib/jvm/java-8-openjdk-amd64/jre/lib/ext/zipfs.jar
7f8a15c56000-7f8a15c5e000 rw-s 00000000 ca:01 18942                      /tmp/hsperfdata_ubuntu/7490
7f8a15c5e000-7f8a15c5f000 rw-p 00000000 00:00 0 
7f8a15c5f000-7f8a15c60000 ---p 00000000 00:00 0 
7f8a15c60000-7f8a15c61000 rw-p 00000000 00:00 0 
7f8a15c61000-7f8a15c62000 r--p 00025000 ca:01 67993                      /lib/x86_64-linux-gnu/ld-2.23.so
7f8a15c62000-7f8a15c63000 rw-p 00026000 ca:01 67993                      /lib/x86_64-linux-gnu/ld-2.23.so
7f8a15c63000-7f8a15c64000 rw-p 00000000 00:00 0 
7ffd11da8000-7ffd11dcc000 rw-p 00000000 00:00 0                          [stack]
7ffd11dd1000-7ffd11dd4000 r--p 00000000 00:00 0                          [vvar]
7ffd11dd4000-7ffd11dd6000 r-xp 00000000 00:00 0                          [vdso]
ffffffffff600000-ffffffffff601000 r-xp 00000000 00:00 0                  [vsyscall]

VM Arguments:
jvm_args: -Dcom.sun.management.jmxremote -Dcom.sun.management.jmxremote.port=38617 -Dcom.sun.management.jmxremote.authenticate=false -Dcom.sun.management.jmxremote.ssl=false -Djava.rmi.server.hostname=localhost -Dspring.liveBeansView.mbeanDomain -Dspring.application.admin.enabled=true -Djava.security.egd=file:/dev/./urandom -Xverify:none -XX:TieredStopAtLevel=1 -Dfile.encoding=UTF-8 
java_command: com.stackroute.keepnote.CategoryServiceApplication --spring.output.ansi.enabled=always
java_class_path (initial): /usr/lib/jvm/java-8-openjdk-amd64/jre/lib/resources.jar:/usr/lib/jvm/java-8-openjdk-amd64/jre/lib/rt.jar:/usr/lib/jvm/java-8-openjdk-amd64/jre/lib/jsse.jar:/usr/lib/jvm/java-8-openjdk-amd64/jre/lib/jce.jar:/usr/lib/jvm/java-8-openjdk-amd64/jre/lib/charsets.jar:/usr/lib/jvm/java-8-openjdk-amd64/jre/lib/ext/zipfs.jar:/usr/lib/jvm/java-8-openjdk-amd64/jre/lib/ext/jaccess.jar:/usr/lib/jvm/java-8-openjdk-amd64/jre/lib/ext/sunpkcs11.jar:/usr/lib/jvm/java-8-openjdk-amd64/jre/lib/ext/cldrdata.jar:/usr/lib/jvm/java-8-openjdk-amd64/jre/lib/ext/nashorn.jar:/usr/lib/jvm/java-8-openjdk-amd64/jre/lib/ext/localedata.jar:/usr/lib/jvm/java-8-openjdk-amd64/jre/lib/ext/dnsns.jar:/usr/lib/jvm/java-8-openjdk-amd64/jre/lib/ext/sunec.jar:/usr/lib/jvm/java-8-openjdk-amd64/jre/lib/ext/icedtea-sound.jar:/usr/lib/jvm/java-8-openjdk-amd64/jre/lib/ext/sunjce_provider.jar:/home/ubuntu/FSE/Spring/Eureka/CategoryService/target/classes:/home/ubuntu/.m2/repository/org/springframework/boot/spring-boot-devtools/2.0.2.RELEASE/spring-boot-devtools-2.0.2.RELEASE.jar:/home/ubuntu/.m2/repository/org/springframework/boot/spring-boot/2.0.2.RELEASE/spring-boot-2.0.2.RELEASE.jar:/home/ubuntu/.m2/repository/org/springframework/boot/spring-boot-autoconfigure/2.0.2.RELEASE/spring-boot-autoconfigure-2.0.2.RELEASE.jar:/home/ubuntu/.m2/repository/org/springframework/cloud/spring-cloud-starter-netflix-eureka-client/2.0.2.RELEASE/spring-cloud-starter-netflix-eureka-client-2.0.2.RELEASE.jar:/home/ubuntu/.m2/repository/org/springframework/cloud/spring-cloud-starter/2.0.2.RELEASE/spring-cloud-starter-2.0.2.RELEASE.jar:/home/ubuntu/.m2/repository/org/springframework/cloud/spring-cloud-context/2.0.2.RELEASE/spring-cloud-context-2.0.2.RELEASE.jar:/home/ubuntu/.m2/repository/org/springframework/security/spring-security-crypto/5.0.5.RELEASE/spring-security-crypto-5.0.5.RELEASE.jar:/home/ubuntu/.m2/repository/org/springframework/cloud/spring-cloud-commons/2.0.2.RELEASE/spring-cloud-commons-2.0.2.RE
Launcher Type: SUN_STANDARD

Environment Variables:
PATH=/bin:/usr/bin:/usr/X11R6/bin:/usr/local/bin
SHELL=/bin/bash
DISPLAY=:10.0

Signal Handlers:
SIGSEGV: [libjvm.so+0xa765a0], sa_mask[0]=11111111011111111101111111111110, sa_flags=SA_RESTART|SA_SIGINFO
SIGBUS: [libjvm.so+0xa765a0], sa_mask[0]=11111111011111111101111111111110, sa_flags=SA_RESTART|SA_SIGINFO
SIGFPE: [libjvm.so+0x8bd800], sa_mask[0]=11111111011111111101111111111110, sa_flags=SA_RESTART|SA_SIGINFO
SIGPIPE: [libjvm.so+0x8bd800], sa_mask[0]=11111111011111111101111111111110, sa_flags=SA_RESTART|SA_SIGINFO
SIGXFSZ: [libjvm.so+0x8bd800], sa_mask[0]=11111111011111111101111111111110, sa_flags=SA_RESTART|SA_SIGINFO
SIGILL: [libjvm.so+0x8bd800], sa_mask[0]=11111111011111111101111111111110, sa_flags=SA_RESTART|SA_SIGINFO
SIGUSR1: SIG_DFL, sa_mask[0]=00000000000000000000000000000000, sa_flags=none
SIGUSR2: [libjvm.so+0x8bd6b0], sa_mask[0]=00100000000000000000000000000000, sa_flags=SA_RESTART|SA_SIGINFO
SIGHUP: [libjvm.so+0x8bdd40], sa_mask[0]=11111111011111111101111111111110, sa_flags=SA_RESTART|SA_SIGINFO
SIGINT: [libjvm.so+0x8bdd40], sa_mask[0]=11111111011111111101111111111110, sa_flags=SA_RESTART|SA_SIGINFO
SIGTERM: [libjvm.so+0x8bdd40], sa_mask[0]=11111111011111111101111111111110, sa_flags=SA_RESTART|SA_SIGINFO
SIGQUIT: [libjvm.so+0x8bdd40], sa_mask[0]=11111111011111111101111111111110, sa_flags=SA_RESTART|SA_SIGINFO


---------------  S Y S T E M  ---------------

OS:DISTRIB_ID=Ubuntu
DISTRIB_RELEASE=16.04
DISTRIB_CODENAME=xenial
DISTRIB_DESCRIPTION="Ubuntu 16.04.4 LTS"

uname:Linux 4.15.0-54-generic #58~16.04.1-Ubuntu SMP Mon Jun 24 13:21:41 UTC 2019 x86_64
libc:glibc 2.23 NPTL 2.23 
rlimit: STACK 8192k, CORE 0k, NPROC 31651, NOFILE 4096, AS infinity
load average:13.99 15.19 9.27

/proc/meminfo:
MemTotal:        8166456 kB
MemFree:          125048 kB
MemAvailable:      33928 kB
Buffers:            1196 kB
Cached:           123124 kB
SwapCached:            0 kB
Active:          7684980 kB
Inactive:         103216 kB
Active(anon):    7668008 kB
Inactive(anon):    79808 kB
Active(file):      16972 kB
Inactive(file):    23408 kB
Unevictable:        3652 kB
Mlocked:            3652 kB
SwapTotal:             0 kB
SwapFree:              0 kB
Dirty:               248 kB
Writeback:             8 kB
AnonPages:       7667844 kB
Mapped:           106952 kB
Shmem:             81212 kB
Slab:             122896 kB
SReclaimable:      45060 kB
SUnreclaim:        77836 kB
KernelStack:       16752 kB
PageTables:        59532 kB
NFS_Unstable:          0 kB
Bounce:                0 kB
WritebackTmp:          0 kB
CommitLimit:     4083228 kB
Committed_AS:   15177340 kB
VmallocTotal:   34359738367 kB
VmallocUsed:           0 kB
VmallocChunk:          0 kB
HardwareCorrupted:     0 kB
AnonHugePages:         0 kB
ShmemHugePages:        0 kB
ShmemPmdMapped:        0 kB
CmaTotal:              0 kB
CmaFree:               0 kB
HugePages_Total:       0
HugePages_Free:        0
HugePages_Rsvd:        0
HugePages_Surp:        0
Hugepagesize:       2048 kB
DirectMap4k:      184320 kB
DirectMap2M:     8204288 kB

container (cgroup) information:
container_type: cgroupv1
cpu_cpuset_cpus: 0-1
cpu_memory_nodes: 0
active_processor_count: 2
cpu_quota: -1
cpu_period: 100000
cpu_shares: -1
memory_limit_in_bytes: -1
memory_and_swap_limit_in_bytes: -2
memory_soft_limit_in_bytes: -1
memory_usage_in_bytes: 3244216320
memory_max_usage_in_bytes: 3347050496


CPU:total 2 (initial active 2) (2 cores per cpu, 1 threads per core) family 6 model 63 stepping 2, cmov, cx8, fxsr, mmx, sse, sse2, sse3, ssse3, sse4.1, sse4.2, popcnt, avx, avx2, aes, clmul, erms, lzcnt, tsc, bmi1, bmi2

/proc/cpuinfo:
processor	: 0
vendor_id	: GenuineIntel
cpu family	: 6
model		: 63
model name	: Intel(R) Xeon(R) CPU E5-2676 v3 @ 2.40GHz
stepping	: 2
microcode	: 0x43
cpu MHz		: 2400.086
cache size	: 30720 KB
physical id	: 0
siblings	: 2
core id		: 0
cpu cores	: 2
apicid		: 0
initial apicid	: 0
fpu		: yes
fpu_exception	: yes
cpuid level	: 13
wp		: yes
flags		: fpu vme de pse tsc msr pae mce cx8 apic sep mtrr pge mca cmov pat pse36 clflush mmx fxsr sse sse2 ht syscall nx rdtscp lm constant_tsc rep_good nopl xtopology cpuid pni pclmulqdq ssse3 fma cx16 pcid sse4_1 sse4_2 x2apic movbe popcnt tsc_deadline_timer aes xsave avx f16c rdrand hypervisor lahf_lm abm cpuid_fault invpcid_single pti fsgsbase bmi1 avx2 smep bmi2 erms invpcid xsaveopt
bugs		: cpu_meltdown spectre_v1 spectre_v2 spec_store_bypass l1tf mds
bogomips	: 4800.18
clflush size	: 64
cache_alignment	: 64
address sizes	: 46 bits physical, 48 bits virtual
power management:

processor	: 1
vendor_id	: GenuineIntel
cpu family	: 6
model		: 63
model name	: Intel(R) Xeon(R) CPU E5-2676 v3 @ 2.40GHz
stepping	: 2
microcode	: 0x43
cpu MHz		: 2400.086
cache size	: 30720 KB
physical id	: 0
siblings	: 2
core id		: 1
cpu cores	: 2
apicid		: 2
initial apicid	: 2
fpu		: yes
fpu_exception	: yes
cpuid level	: 13
wp		: yes
flags		: fpu vme de pse tsc msr pae mce cx8 apic sep mtrr pge mca cmov pat pse36 clflush mmx fxsr sse sse2 ht syscall nx rdtscp lm constant_tsc rep_good nopl xtopology cpuid pni pclmulqdq ssse3 fma cx16 pcid sse4_1 sse4_2 x2apic movbe popcnt tsc_deadline_timer aes xsave avx f16c rdrand hypervisor lahf_lm abm cpuid_fault invpcid_single pti fsgsbase bmi1 avx2 smep bmi2 erms invpcid xsaveopt
bugs		: cpu_meltdown spectre_v1 spectre_v2 spec_store_bypass l1tf mds
bogomips	: 4800.18
clflush size	: 64
cache_alignment	: 64
address sizes	: 46 bits physical, 48 bits virtual
power management:



Memory: 4k page, physical 8166456k(125048k free), swap 0k(0k free)

vm_info: OpenJDK 64-Bit Server VM (25.212-b03) for linux-amd64 JRE (1.8.0_212-8u212-b03-0ubuntu1.16.04.1-b03), built on Apr 26 2019 02:02:50 by "buildd" with gcc 5.4.0 20160609

time: Thu Jul 11 13:31:11 2019
timezone: UTC
elapsed time: 28 seconds (0d 0h 0m 28s)

